TN:
SF:src/auth/auth.controller.ts
FN:16,(anonymous_10)
FN:79,(anonymous_11)
FN:125,(anonymous_12)
FNF:3
FNH:3
FNDA:4,(anonymous_10)
FNDA:3,(anonymous_11)
FNDA:1,(anonymous_12)
DA:2,5
DA:3,5
DA:4,5
DA:6,5
DA:16,5
DA:17,4
DA:18,4
DA:20,4
DA:21,1
DA:26,3
DA:27,1
DA:32,2
DA:41,2
DA:42,1
DA:47,1
DA:49,1
DA:63,1
DA:68,1
DA:74,0
DA:75,0
DA:79,5
DA:80,3
DA:81,3
DA:83,3
DA:84,1
DA:89,2
DA:93,2
DA:94,1
DA:99,1
DA:101,1
DA:102,0
DA:107,1
DA:112,1
DA:114,1
DA:120,0
DA:121,0
DA:125,5
DA:126,1
DA:127,1
DA:129,1
DA:130,0
DA:133,1
DA:168,1
DA:169,0
DA:172,1
DA:174,0
DA:175,0
LF:47
LH:38
BRDA:20,0,0,1
BRDA:20,0,1,3
BRDA:20,1,0,4
BRDA:20,1,1,4
BRDA:20,1,2,3
BRDA:26,2,0,1
BRDA:26,2,1,2
BRDA:41,3,0,1
BRDA:41,3,1,1
BRDA:65,4,0,1
BRDA:65,4,1,1
BRDA:83,5,0,1
BRDA:83,5,1,2
BRDA:83,6,0,3
BRDA:83,6,1,3
BRDA:93,7,0,1
BRDA:93,7,1,1
BRDA:101,8,0,0
BRDA:101,8,1,1
BRDA:109,9,0,1
BRDA:109,9,1,1
BRDA:129,10,0,0
BRDA:129,10,1,1
BRDA:168,11,0,0
BRDA:168,11,1,1
BRF:25
BRH:22
end_of_record
TN:
SF:src/auth/auth.middleware.ts
FN:18,(anonymous_1)
FNF:1
FNH:0
FNDA:0,(anonymous_1)
DA:2,0
DA:18,0
DA:19,0
DA:20,0
DA:22,0
DA:23,0
DA:26,0
DA:28,0
DA:29,0
DA:32,0
DA:34,0
DA:40,0
DA:42,0
DA:43,0
DA:45,0
DA:46,0
DA:48,0
DA:49,0
LF:18
LH:0
BRDA:22,0,0,0
BRDA:22,0,1,0
BRDA:22,1,0,0
BRDA:22,1,1,0
BRDA:28,2,0,0
BRDA:28,2,1,0
BRDA:32,3,0,0
BRDA:32,3,1,0
BRDA:42,4,0,0
BRDA:42,4,1,0
BRDA:45,5,0,0
BRDA:45,5,1,0
BRF:12
BRH:0
end_of_record
TN:
SF:src/auth/auth.routes.ts
FNF:0
FNH:0
DA:1,5
DA:2,5
DA:3,5
DA:5,5
DA:7,5
DA:8,5
DA:9,5
DA:11,5
LF:8
LH:8
BRF:0
BRH:0
end_of_record
TN:
SF:src/claims/claims.controller.ts
FN:16,(anonymous_0)
FN:73,(anonymous_1)
FN:118,(anonymous_2)
FNF:3
FNH:3
FNDA:4,(anonymous_0)
FNDA:1,(anonymous_1)
FNDA:2,(anonymous_2)
DA:2,5
DA:4,5
DA:16,5
DA:17,4
DA:18,4
DA:19,4
DA:20,0
DA:23,4
DA:24,4
DA:25,4
DA:28,4
DA:46,4
DA:47,1
DA:51,3
DA:52,1
DA:56,2
DA:65,2
DA:66,1
DA:73,1
DA:75,1
DA:84,1
DA:85,1
DA:95,1
DA:106,1
DA:112,0
DA:113,0
DA:118,5
DA:119,2
DA:120,2
DA:121,2
DA:122,0
DA:125,2
DA:143,2
DA:145,0
DA:146,0
LF:35
LH:29
BRDA:19,0,0,0
BRDA:19,0,1,4
BRDA:46,1,0,1
BRDA:46,1,1,3
BRDA:51,2,0,1
BRDA:51,2,1,2
BRDA:65,3,0,1
BRDA:65,3,1,1
BRDA:121,4,0,0
BRDA:121,4,1,2
BRF:10
BRH:8
end_of_record
TN:
SF:src/claims/claims.routes.ts
FNF:0
FNH:0
DA:1,5
DA:2,5
DA:3,5
DA:5,5
DA:8,5
DA:9,5
DA:11,5
LF:7
LH:7
BRF:0
BRH:0
end_of_record
TN:
SF:src/levels/levels.controller.ts
FN:13,(anonymous_0)
FN:36,(anonymous_1)
FN:92,(anonymous_2)
FN:123,(anonymous_3)
FNF:4
FNH:4
FNDA:9,(anonymous_0)
FNDA:4,(anonymous_1)
FNDA:5,(anonymous_2)
FNDA:4,(anonymous_3)
DA:2,5
DA:4,5
DA:13,5
DA:14,9
DA:16,9
DA:17,9
DA:19,9
DA:20,44
DA:21,44
DA:23,44
DA:24,9
DA:28,0
DA:36,5
DA:37,4
DA:38,4
DA:40,4
DA:41,1
DA:44,3
DA:59,3
DA:60,1
DA:63,2
DA:66,2
DA:73,2
DA:83,0
DA:84,0
DA:92,5
DA:93,5
DA:94,5
DA:96,5
DA:97,1
DA:100,4
DA:102,4
DA:103,4
DA:105,4
DA:114,0
DA:115,0
DA:123,5
DA:124,4
DA:125,4
DA:127,4
DA:128,1
DA:131,3
DA:139,3
DA:140,0
DA:143,3
DA:146,3
DA:148,2
DA:152,2
DA:154,1
DA:155,1
DA:157,1
DA:166,1
DA:171,1
DA:179,3
DA:194,3
DA:202,0
DA:203,0
LF:57
LH:49
BRDA:14,0,0,0
BRDA:14,0,1,9
BRDA:20,1,0,9
BRDA:20,1,1,35
BRDA:21,2,0,2
BRDA:21,2,1,42
BRDA:23,3,0,9
BRDA:23,3,1,35
BRDA:23,4,0,44
BRDA:23,4,1,44
BRDA:40,5,0,1
BRDA:40,5,1,3
BRDA:59,6,0,1
BRDA:59,6,1,2
BRDA:66,7,0,2
BRDA:66,7,1,0
BRDA:69,8,0,0
BRDA:69,8,1,0
BRDA:70,9,0,0
BRDA:70,9,1,0
BRDA:80,10,0,1
BRDA:80,10,1,1
BRDA:96,11,0,1
BRDA:96,11,1,4
BRDA:102,12,0,0
BRDA:102,12,1,4
BRDA:103,13,0,1
BRDA:103,13,1,3
BRDA:111,14,0,3
BRDA:111,14,1,1
BRDA:127,15,0,1
BRDA:127,15,1,3
BRDA:139,16,0,0
BRDA:139,16,1,3
BRDA:146,17,0,2
BRDA:146,17,1,1
BRDA:152,18,0,1
BRDA:152,18,1,1
BRDA:154,19,0,0
BRDA:154,19,1,1
BRDA:155,20,0,1
BRDA:155,20,1,0
BRF:42
BRH:32
end_of_record
TN:
SF:src/levels/levels.routes.ts
FNF:0
FNH:0
DA:1,5
DA:2,5
DA:4,5
DA:11,5
DA:18,5
DA:25,5
DA:27,5
LF:7
LH:7
BRF:0
BRH:0
end_of_record
TN:
SF:src/posts/posts.controller.ts
FN:17,(anonymous_0)
FN:39,(anonymous_1)
FN:48,(anonymous_2)
FN:59,(anonymous_3)
FN:94,(anonymous_4)
FN:105,(anonymous_5)
FN:207,(anonymous_6)
FN:221,(anonymous_7)
FN:321,(anonymous_8)
FN:335,(anonymous_9)
FN:372,(anonymous_10)
FN:415,(anonymous_11)
FNF:12
FNH:11
FNDA:2,(anonymous_0)
FNDA:1,(anonymous_1)
FNDA:2,(anonymous_2)
FNDA:2,(anonymous_3)
FNDA:1,(anonymous_4)
FNDA:2,(anonymous_5)
FNDA:2,(anonymous_6)
FNDA:2,(anonymous_7)
FNDA:0,(anonymous_8)
FNDA:2,(anonymous_9)
FNDA:2,(anonymous_10)
FNDA:1,(anonymous_11)
DA:2,5
DA:5,5
DA:17,5
DA:18,2
DA:19,2
DA:39,2
DA:48,2
DA:51,2
DA:53,0
DA:54,0
DA:59,5
DA:60,2
DA:61,2
DA:62,2
DA:64,2
DA:81,2
DA:82,1
DA:85,1
DA:94,1
DA:97,1
DA:99,0
DA:100,0
DA:105,5
DA:106,2
DA:107,2
DA:109,2
DA:110,0
DA:113,2
DA:116,2
DA:133,2
DA:143,2
DA:153,2
DA:155,1
DA:157,2
DA:161,2
DA:163,2
DA:181,2
DA:198,2
DA:207,2
DA:210,2
DA:215,0
DA:216,0
DA:221,5
DA:222,2
DA:223,2
DA:225,2
DA:226,0
DA:229,2
DA:230,2
DA:231,2
DA:234,2
DA:238,2
DA:239,0
DA:242,2
DA:243,1
DA:247,1
DA:264,1
DA:266,0
DA:271,0
DA:272,0
DA:276,0
DA:277,0
DA:295,1
DA:312,1
DA:321,0
DA:324,1
DA:329,0
DA:330,0
DA:335,5
DA:336,2
DA:337,2
DA:339,2
DA:340,0
DA:343,2
DA:344,2
DA:347,2
DA:351,2
DA:352,1
DA:355,1
DA:356,0
DA:360,1
DA:364,1
DA:366,0
DA:367,0
DA:372,5
DA:373,2
DA:374,2
DA:376,2
DA:377,0
DA:380,2
DA:381,2
DA:384,2
DA:395,2
DA:396,0
DA:400,2
DA:401,1
DA:405,1
DA:414,1
DA:415,1
DA:416,1
DA:417,1
DA:418,1
DA:421,1
DA:431,1
DA:432,1
DA:444,1
DA:449,0
DA:450,0
LF:108
LH:83
BRDA:81,0,0,1
BRDA:81,0,1,1
BRDA:109,1,0,0
BRDA:109,1,1,2
BRDA:113,2,0,1
BRDA:153,3,0,1
BRDA:153,3,1,1
BRDA:161,4,0,2
BRDA:161,4,1,0
BRDA:225,5,0,0
BRDA:225,5,1,2
BRDA:238,6,0,0
BRDA:238,6,1,2
BRDA:242,7,0,1
BRDA:242,7,1,1
BRDA:250,8,0,1
BRDA:250,8,1,1
BRDA:251,9,0,1
BRDA:251,9,1,1
BRDA:264,10,0,0
BRDA:264,10,1,1
BRDA:276,11,0,0
BRDA:276,11,1,0
BRDA:339,12,0,0
BRDA:339,12,1,2
BRDA:351,13,0,1
BRDA:351,13,1,1
BRDA:355,14,0,0
BRDA:355,14,1,1
BRDA:376,15,0,0
BRDA:376,15,1,2
BRDA:395,16,0,0
BRDA:395,16,1,2
BRDA:400,17,0,1
BRDA:400,17,1,1
BRDA:414,18,0,1
BRDA:414,18,1,0
BRDA:431,19,0,1
BRDA:431,19,1,0
BRF:39
BRH:26
end_of_record
TN:
SF:src/posts/posts.routes.ts
FN:16,(anonymous_0)
FN:31,(anonymous_1)
FNF:2
FNH:2
FNDA:4,(anonymous_0)
FNDA:4,(anonymous_1)
DA:1,5
DA:2,5
DA:10,5
DA:11,5
DA:13,5
DA:16,5
DA:17,4
DA:18,4
DA:19,2
DA:21,2
DA:22,2
DA:27,0
DA:31,5
DA:32,4
DA:34,4
DA:35,1
DA:37,3
DA:38,2
DA:40,1
DA:41,1
DA:46,0
DA:51,5
DA:52,5
DA:55,5
DA:56,5
DA:57,5
DA:60,5
DA:62,5
LF:28
LH:26
BRDA:21,0,0,2
BRDA:21,0,1,0
BRDA:34,1,0,1
BRDA:34,1,1,3
BRDA:40,2,0,1
BRDA:40,2,1,0
BRF:6
BRH:4
end_of_record
TN:
SF:src/posts/posts.validation.ts
FNF:0
FNH:0
DA:1,5
DA:4,5
DA:11,5
LF:3
LH:3
BRF:0
BRH:0
end_of_record
TN:
SF:src/skills/skills.controller.ts
FN:8,(anonymous_0)
FN:32,(anonymous_1)
FN:86,(anonymous_2)
FN:117,(anonymous_3)
FN:161,(anonymous_4)
FNF:5
FNH:5
FNDA:2,(anonymous_0)
FNDA:2,(anonymous_1)
FNDA:2,(anonymous_2)
FNDA:2,(anonymous_3)
FNDA:2,(anonymous_4)
DA:2,5
DA:5,5
DA:8,5
DA:9,2
DA:10,2
DA:24,2
DA:26,0
DA:27,0
DA:32,5
DA:33,2
DA:34,2
DA:35,2
DA:37,2
DA:74,2
DA:75,1
DA:78,1
DA:80,0
DA:81,0
DA:86,5
DA:87,2
DA:88,2
DA:91,2
DA:95,2
DA:96,1
DA:99,1
DA:106,1
DA:111,0
DA:112,0
DA:117,5
DA:118,2
DA:119,2
DA:120,2
DA:121,2
DA:124,2
DA:128,2
DA:129,1
DA:133,1
DA:134,1
DA:137,1
DA:138,0
DA:142,1
DA:150,1
DA:155,0
DA:156,0
DA:161,5
DA:162,2
DA:163,2
DA:164,2
DA:167,2
DA:171,2
DA:172,1
DA:175,1
DA:179,1
DA:181,0
DA:182,0
LF:55
LH:44
BRDA:74,0,0,1
BRDA:74,0,1,1
BRDA:95,1,0,1
BRDA:95,1,1,1
BRDA:128,2,0,1
BRDA:128,2,1,1
BRDA:133,3,0,1
BRDA:133,3,1,0
BRDA:133,4,0,1
BRDA:133,4,1,1
BRDA:137,5,0,0
BRDA:137,5,1,1
BRDA:145,6,0,1
BRDA:145,6,1,1
BRDA:171,7,0,1
BRDA:171,7,1,1
BRF:16
BRH:14
end_of_record
TN:
SF:src/skills/skills.routes.ts
FN:15,(anonymous_0)
FN:30,(anonymous_1)
FNF:2
FNH:2
FNDA:4,(anonymous_0)
FNDA:4,(anonymous_1)
DA:1,5
DA:2,5
DA:9,5
DA:10,5
DA:12,5
DA:15,5
DA:16,4
DA:17,4
DA:18,2
DA:20,2
DA:21,2
DA:26,0
DA:30,5
DA:31,4
DA:33,4
DA:34,1
DA:36,3
DA:37,2
DA:39,1
DA:40,1
DA:45,0
DA:50,5
DA:51,5
DA:54,5
DA:55,5
DA:56,5
DA:58,5
LF:27
LH:25
BRDA:20,0,0,2
BRDA:20,0,1,0
BRDA:33,1,0,1
BRDA:33,1,1,3
BRDA:39,2,0,1
BRDA:39,2,1,0
BRF:6
BRH:4
end_of_record
TN:
SF:src/skills/skills.validation.ts
FNF:0
FNH:0
DA:1,5
DA:4,5
DA:10,5
LF:3
LH:3
BRF:0
BRH:0
end_of_record
